<?xml version="1.0" encoding="UTF-8" ?>
<testsuite tests="13" failures="0" name="pucrs.si.qp.t1.AppTest" time="0.003" errors="0" skipped="0">
  <properties>
    <property name="java.runtime.name" value="Java(TM) SE Runtime Environment"/>
    <property name="java.vm.version" value="11.0.7+8-LTS"/>
    <property name="sun.boot.library.path" value="C:\Program Files\Java\jdk-11.0.7\bin"/>
    <property name="maven.multiModuleProjectDirectory" value="C:\Users\Vinicius\Videos\t1"/>
    <property name="java.vm.vendor" value="Oracle Corporation"/>
    <property name="java.vendor.url" value="https://openjdk.java.net/"/>
    <property name="guice.disable.misplaced.annotation.check" value="true"/>
    <property name="path.separator" value=";"/>
    <property name="java.vm.name" value="Java HotSpot(TM) 64-Bit Server VM"/>
    <property name="sun.os.patch.level" value=""/>
    <property name="user.script" value=""/>
    <property name="user.country" value="BR"/>
    <property name="sun.java.launcher" value="SUN_STANDARD"/>
    <property name="java.vm.specification.name" value="Java Virtual Machine Specification"/>
    <property name="user.dir" value="C:\Users\Vinicius\Videos\t1"/>
    <property name="java.vm.compressedOopsMode" value="Zero based"/>
    <property name="java.runtime.version" value="11.0.7+8-LTS"/>
    <property name="java.awt.graphicsenv" value="sun.awt.Win32GraphicsEnvironment"/>
    <property name="os.arch" value="amd64"/>
    <property name="java.io.tmpdir" value="C:\Users\Vinicius\AppData\Local\Temp\"/>
    <property name="line.separator" value="
"/>
    <property name="java.vm.specification.vendor" value="Oracle Corporation"/>
    <property name="user.variant" value=""/>
    <property name="os.name" value="Windows 10"/>
    <property name="classworlds.conf" value="C:\Users\Vinicius\eclipse-workspace\.metadata\.plugins\org.eclipse.m2e.launching\launches\m2conf1053976878176606656.tmp"/>
    <property name="sun.jnu.encoding" value="Cp1252"/>
    <property name="java.library.path" value="C:\Program Files\Java\jdk-11.0.7\bin;C:\Windows\Sun\Java\bin;C:\Windows\system32;C:\Windows;C:/Program Files/Java/jre1.8.0_241/bin/server;C:/Program Files/Java/jre1.8.0_241/bin;C:/Program Files/Java/jre1.8.0_241/lib/amd64;C:\Program Files (x86)\Common Files\Oracle\Java\javapath;C:\Program Files (x86)\Razer\ChromaBroadcast\bin;C:\Program Files\Razer\ChromaBroadcast\bin;c:\program files (x86)\razer\chromabroadcast\bin;c:\program files\razer\chromabroadcast\bin;c:\program files (x86)\razer chroma sdk\bin;c:\program files\razer chroma sdk\bin;c:\windows\system32;c:\windows;c:\windows\system32\wbem;c:\windows\system32\windowspowershell\v1.0\;c:\windows\system32\openssh\;c:\program files\nvidia corporation\nvidia nvdlisr;c:\users\usuario\appdata\local\microsoft\windowsapps;c:\program files\git\cmd;c:\users\vinicius\appdata\local\microsoft\windowsapps;C:\Windows\system32;C:\Windows;C:\Windows\system32\wbem;C:\Windows\system32\windowspowershell\v1.0\;C:\Windows\system32\openssh\;C:\Program Files (x86)\NVIDIA Corporation\PhysX\Common;C:\WINDOWS\system32\config\systemprofile\AppData\Local\Microsoft\WindowsApps;C:\Program Files\Git\cmd;C:\Users\Vinicius\AppData\Local\Programs\Python\Python38\Scripts\;C:\Users\Vinicius\AppData\Local\Programs\Python\Python38\;C:\Users\Vinicius\AppData\Local\Microsoft\WindowsApps;C:\Users\Vinicius\AppData\Local\atom\bin;C:\Users\Vinicius\Desktop\eclipse;;."/>
    <property name="jdk.debug" value="release"/>
    <property name="java.class.version" value="55.0"/>
    <property name="java.specification.name" value="Java Platform API Specification"/>
    <property name="sun.management.compiler" value="HotSpot 64-Bit Tiered Compilers"/>
    <property name="os.version" value="10.0"/>
    <property name="user.home" value="C:\Users\Vinicius"/>
    <property name="user.timezone" value="America/Sao_Paulo"/>
    <property name="java.awt.printerjob" value="sun.awt.windows.WPrinterJob"/>
    <property name="file.encoding" value="Cp1252"/>
    <property name="java.specification.version" value="11"/>
    <property name="user.name" value="Vinicius"/>
    <property name="java.class.path" value="C:\Users\Vinicius\Desktop\eclipse\plugins\org.eclipse.m2e.maven.runtime_1.15.0.20200310-1832\jars\plexus-classworlds-2.6.0.jar"/>
    <property name="java.vm.specification.version" value="11"/>
    <property name="sun.arch.data.model" value="64"/>
    <property name="sun.java.command" value="org.codehaus.plexus.classworlds.launcher.Launcher -B test"/>
    <property name="java.home" value="C:\Program Files\Java\jdk-11.0.7"/>
    <property name="user.language" value="pt"/>
    <property name="java.specification.vendor" value="Oracle Corporation"/>
    <property name="awt.toolkit" value="sun.awt.windows.WToolkit"/>
    <property name="java.vm.info" value="mixed mode"/>
    <property name="java.version" value="11.0.7"/>
    <property name="java.vendor" value="Oracle Corporation"/>
    <property name="maven.home" value="C:\Users\Vinicius\Videos\t1\EMBEDDED"/>
    <property name="file.separator" value="\"/>
    <property name="java.version.date" value="2020-04-14"/>
    <property name="java.vendor.url.bug" value="https://bugreport.java.com/bugreport/"/>
    <property name="sun.io.unicode.encoding" value="UnicodeLittle"/>
    <property name="sun.cpu.endian" value="little"/>
    <property name="java.vendor.version" value="18.9"/>
    <property name="sun.desktop" value="windows"/>
    <property name="sun.cpu.isalist" value="amd64"/>
  </properties>
  <testcase classname="pucrs.si.qp.t1.AppTest" name="testEquilatero" time="0.003"/>
  <testcase classname="pucrs.si.qp.t1.AppTest" name="testEscaleno" time="0"/>
  <testcase classname="pucrs.si.qp.t1.AppTest" name="testLinha" time="0"/>
  <testcase classname="pucrs.si.qp.t1.AppTest" name="testTodosZero" time="0"/>
  <testcase classname="pucrs.si.qp.t1.AppTest" name="testValorZero" time="0"/>
  <testcase classname="pucrs.si.qp.t1.AppTest" name="testTrianguloInvalido" time="0"/>
  <testcase classname="pucrs.si.qp.t1.AppTest" name="testVariantesDeNove" time="0"/>
  <testcase classname="pucrs.si.qp.t1.AppTest" name="testIsosceles2" time="0"/>
  <testcase classname="pucrs.si.qp.t1.AppTest" name="testValorNegativo" time="0"/>
  <testcase classname="pucrs.si.qp.t1.AppTest" name="testIsosceles" time="0"/>
  <testcase classname="pucrs.si.qp.t1.AppTest" name="testVarianteDeSete" time="0"/>
  <testcase classname="pucrs.si.qp.t1.AppTest" name="testVarianteDeTres" time="0"/>
  <testcase classname="pucrs.si.qp.t1.AppTest" name="testLinhaLonga" time="0"/>
</testsuite>